
=====================================
[2026-02-08T11:34:54.939Z] ERROR
URL: GET /api/test-error
IP: ::1
User-Agent: Mozilla/5.0 (Windows NT 10.0; Win64; x64) AppleWebKit/537.36 (KHTML, like Gecko) Chrome/144.0.0.0 Safari/537.36
User ID: anonymous
Error Message: This is a test error!
Stack Trace:
Error: This is a test error!
    at C:\PROJECTS\FDFED_USING_REACT\FDFED_React\server\server.js:29:8
    at Layer.handleRequest (C:\PROJECTS\FDFED_USING_REACT\FDFED_React\server\node_modules\router\lib\layer.js:152:17)
    at next (C:\PROJECTS\FDFED_USING_REACT\FDFED_React\server\node_modules\router\lib\route.js:157:13)
    at Route.dispatch (C:\PROJECTS\FDFED_USING_REACT\FDFED_React\server\node_modules\router\lib\route.js:117:3)
    at handle (C:\PROJECTS\FDFED_USING_REACT\FDFED_React\server\node_modules\router\index.js:435:11)
    at Layer.handleRequest (C:\PROJECTS\FDFED_USING_REACT\FDFED_React\server\node_modules\router\lib\layer.js:152:17)
    at C:\PROJECTS\FDFED_USING_REACT\FDFED_React\server\node_modules\router\index.js:295:15
    at processParams (C:\PROJECTS\FDFED_USING_REACT\FDFED_React\server\node_modules\router\index.js:582:12)
    at next (C:\PROJECTS\FDFED_USING_REACT\FDFED_React\server\node_modules\router\index.js:291:5)
    at Function.handle (C:\PROJECTS\FDFED_USING_REACT\FDFED_React\server\node_modules\router\index.js:186:3)
=====================================
